
时间：2022-10-14 14:35:39  等级：INFO  
信息：连接到ip:172.16.1.64，OPC服务器名称为Yokogawa.CSHIS_OPC.1成功 

时间：2022-10-14 14:36:12  等级：INFO  
信息：FCS1312数据插入数据库以及进行查询操作完成 

时间：2022-10-14 14:36:12  等级：INFO  
信息：FCS1309数据插入数据库以及进行查询操作完成 

时间：2022-10-14 14:36:12  等级：INFO  
信息：FCS1308数据插入数据库以及进行查询操作完成 

时间：2022-10-14 14:36:12  等级：INFO  
信息：FCS1313数据插入数据库以及进行查询操作完成 

时间：2022-10-14 14:36:12  等级：INFO  
信息：FCS1314数据插入数据库以及进行查询操作完成 

时间：2022-10-14 14:36:13  等级：INFO  
信息：FCS1310数据插入数据库以及进行查询操作完成 

时间：2022-10-14 14:36:13  等级：INFO  
信息：FCS1315数据插入数据库以及进行查询操作完成 

时间：2022-10-14 14:36:13  等级：INFO  
信息：FCS1311数据插入数据库以及进行查询操作完成 

时间：2022-10-14 14:36:13  等级：INFO  
信息：FCS1307数据插入数据库以及进行查询操作完成 

时间：2022-10-14 14:36:14  等级：INFO  
信息：FCS1307写入opc完成 

时间：2022-10-14 14:36:14  等级：INFO  
信息：FCS1313写入opc完成 

时间：2022-10-14 14:36:14  等级：INFO  
信息：FCS1312写入opc完成 

时间：2022-10-14 14:36:14  等级：INFO  
信息：FCS1315写入opc完成 

时间：2022-10-14 14:36:14  等级：INFO  
信息：FCS1310写入opc完成 

时间：2022-10-14 14:36:14  等级：INFO  
信息：FCS1311写入opc完成 

时间：2022-10-14 14:36:14  等级：INFO  
信息：FCS1314写入opc完成 

时间：2022-10-14 14:36:14  等级：INFO  
信息：FCS1308写入opc完成 

时间：2022-10-14 14:36:14  等级：INFO  
信息：FCS1309写入opc完成 

时间：2022-10-14 14:38:31  等级：INFO  
信息：配点完成！ 

时间：2022-10-14 14:49:00  等级：INFO  
信息：FCS1308数据插入数据库以及进行查询操作完成 

时间：2022-10-14 14:49:00  等级：INFO  
信息：FCS1308写入opc完成 

时间：2022-10-14 14:49:00  等级：INFO  
信息：FCS1309数据插入数据库以及进行查询操作完成 

时间：2022-10-14 14:49:00  等级：INFO  
信息：FCS1309写入opc完成 

时间：2022-10-14 14:49:00  等级：INFO  
信息：FCS1307数据插入数据库以及进行查询操作完成 

时间：2022-10-14 14:49:00  等级：INFO  
信息：FCS1307写入opc完成 

时间：2022-10-14 14:49:00  等级：INFO  
信息：FCS1313数据插入数据库以及进行查询操作完成 

时间：2022-10-14 14:49:00  等级：INFO  
信息：FCS1313写入opc完成 

时间：2022-10-14 14:49:00  等级：INFO  
信息：FCS1311数据插入数据库以及进行查询操作完成 

时间：2022-10-14 14:49:00  等级：INFO  
信息：FCS1314数据插入数据库以及进行查询操作完成 

时间：2022-10-14 14:49:00  等级：INFO  
信息：FCS1318数据插入数据库以及进行查询操作完成 

时间：2022-10-14 14:49:00  等级：INFO  
信息：FCS1311写入opc完成 

时间：2022-10-14 14:49:00  等级：INFO  
信息：FCS1310数据插入数据库以及进行查询操作完成 

时间：2022-10-14 14:49:00  等级：INFO  
信息：FCS1316数据插入数据库以及进行查询操作完成 

时间：2022-10-14 14:49:00  等级：INFO  
信息：FCS1312数据插入数据库以及进行查询操作完成 

时间：2022-10-14 14:49:00  等级：INFO  
信息：FCS1317数据插入数据库以及进行查询操作完成 

时间：2022-10-14 14:49:00  等级：INFO  
信息：FCS1315数据插入数据库以及进行查询操作完成 

时间：2022-10-14 14:49:00  等级：INFO  
信息：FCS1318写入opc完成 

时间：2022-10-14 14:49:00  等级：INFO  
信息：FCS1314写入opc完成 

时间：2022-10-14 14:49:00  等级：INFO  
信息：FCS1315写入opc完成 

时间：2022-10-14 14:49:00  等级：INFO  
信息：FCS1312写入opc完成 

时间：2022-10-14 14:49:00  等级：INFO  
信息：FCS1317写入opc完成 

时间：2022-10-14 14:49:00  等级：INFO  
信息：FCS1310写入opc完成 

时间：2022-10-14 14:49:00  等级：INFO  
信息：FCS1316写入opc完成 

时间：2022-10-14 14:57:41  等级：INFO  
信息：定时操作取消！ 

时间：2022-10-14 14:57:41  等级：INFO  
信息：与OPC服务端断开连接！ 

时间：2022-10-14 14:57:41  等级：INFO  
信息：应用程序退出中…… 
